# JRE version: Java(TM) SE Runtime Environment (8.0_161-b12) (build 1.8.0_161-b12)
# Java VM: Java HotSpot(TM) 64-Bit Server VM (25.161-b12 mixed mode linux-amd64 compressed oops)
Heap:
 PSYoungGen      total 133632K, used 4256K [0x00000000eab00000, 0x00000000f3400000, 0x0000000100000000)
  eden space 126976K, 0% used [0x00000000eab00000,0x00000000eab00000,0x00000000f2700000)
  from space 6656K, 63% used [0x00000000f2700000,0x00000000f2b28000,0x00000000f2d80000)
  to   space 6656K, 0% used [0x00000000f2d80000,0x00000000f2d80000,0x00000000f3400000)
 ParOldGen       total 42496K, used 14711K [0x00000000c0000000, 0x00000000c2980000, 0x00000000eab00000)
  object space 42496K, 34% used [0x00000000c0000000,0x00000000c0e5dc68,0x00000000c2980000)
 Metaspace       used 17635K, capacity 17714K, committed 17920K, reserved 1062912K
  class space    used 3543K, capacity 3577K, committed 3584K, reserved 1048576K
GC Heap History (10 events):
Event: 5.583 GC heap after
Heap after GC invocations=4 (full 0):
 PSYoungGen      total 34304K, used 2528K [0x00000000eab00000, 0x00000000ecf00000, 0x0000000100000000)
  eden space 31744K, 0% used [0x00000000eab00000,0x00000000eab00000,0x00000000eca00000)
  from space 2560K, 98% used [0x00000000ecc80000,0x00000000ecef8040,0x00000000ecf00000)
  to   space 2560K, 0% used [0x00000000eca00000,0x00000000eca00000,0x00000000ecc80000)
 ParOldGen       total 42496K, used 7524K [0x00000000c0000000, 0x00000000c2980000, 0x00000000eab00000)
  object space 42496K, 17% used [0x00000000c0000000,0x00000000c0759260,0x00000000c2980000)
 Metaspace       used 13200K, capacity 13292K, committed 13440K, reserved 1060864K
  class space    used 2606K, capacity 2640K, committed 2688K, reserved 1048576K
}
Event: 6.367 GC heap before
{Heap before GC invocations=5 (full 0):
 PSYoungGen      total 34304K, used 34272K [0x00000000eab00000, 0x00000000ecf00000, 0x0000000100000000)
  eden space 31744K, 100% used [0x00000000eab00000,0x00000000eca00000,0x00000000eca00000)
  from space 2560K, 98% used [0x00000000ecc80000,0x00000000ecef8040,0x00000000ecf00000)
  to   space 2560K, 0% used [0x00000000eca00000,0x00000000eca00000,0x00000000ecc80000)
 ParOldGen       total 42496K, used 7524K [0x00000000c0000000, 0x00000000c2980000, 0x00000000eab00000)
  object space 42496K, 17% used [0x00000000c0000000,0x00000000c0759260,0x00000000c2980000)
 Metaspace       used 16798K, capacity 16902K, committed 17024K, reserved 1062912K
  class space    used 3384K, capacity 3415K, committed 3456K, reserved 1048576K
Event: 6.419 GC heap after
Heap after GC invocations=5 (full 0):
 PSYoungGen      total 34304K, used 2528K [0x00000000eab00000, 0x00000000ef500000, 0x0000000100000000)
  eden space 31744K, 0% used [0x00000000eab00000,0x00000000eab00000,0x00000000eca00000)
  from space 2560K, 98% used [0x00000000eca00000,0x00000000ecc78020,0x00000000ecc80000)
  to   space 6144K, 0% used [0x00000000eef00000,0x00000000eef00000,0x00000000ef500000)
 ParOldGen       total 42496K, used 11447K [0x00000000c0000000, 0x00000000c2980000, 0x00000000eab00000)
  object space 42496K, 26% used [0x00000000c0000000,0x00000000c0b2de20,0x00000000c2980000)
 Metaspace       used 16798K, capacity 16902K, committed 17024K, reserved 1062912K
  class space    used 3384K, capacity 3415K, committed 3456K, reserved 1048576K
}
Event: 6.621 GC heap before
{Heap before GC invocations=6 (full 0):
 PSYoungGen      total 34304K, used 34272K [0x00000000eab00000, 0x00000000ef500000, 0x0000000100000000)
  eden space 31744K, 100% used [0x00000000eab00000,0x00000000eca00000,0x00000000eca00000)
  from space 2560K, 98% used [0x00000000eca00000,0x00000000ecc78020,0x00000000ecc80000)
  to   space 6144K, 0% used [0x00000000eef00000,0x00000000eef00000,0x00000000ef500000)
 ParOldGen       total 42496K, used 11447K [0x00000000c0000000, 0x00000000c2980000, 0x00000000eab00000)
  object space 42496K, 26% used [0x00000000c0000000,0x00000000c0b2de20,0x00000000c2980000)
 Metaspace       used 17119K, capacity 17202K, committed 17536K, reserved 1062912K
  class space    used 3440K, capacity 3449K, committed 3456K, reserved 1048576K
Event: 6.704 GC heap after
Heap after GC invocations=6 (full 0):
 PSYoungGen      total 69632K, used 3541K [0x00000000eab00000, 0x00000000ef500000, 0x0000000100000000)
  eden space 63488K, 0% used [0x00000000eab00000,0x00000000eab00000,0x00000000ee900000)
  from space 6144K, 57% used [0x00000000eef00000,0x00000000ef275420,0x00000000ef500000)
  to   space 6144K, 0% used [0x00000000ee900000,0x00000000ee900000,0x00000000eef00000)
 ParOldGen       total 42496K, used 11447K [0x00000000c0000000, 0x00000000c2980000, 0x00000000eab00000)
  object space 42496K, 26% used [0x00000000c0000000,0x00000000c0b2de20,0x00000000c2980000)
 Metaspace       used 17119K, capacity 17202K, committed 17536K, reserved 1062912K
  class space    used 3440K, capacity 3449K, committed 3456K, reserved 1048576K
}
Event: 6.882 GC heap before
{Heap before GC invocations=7 (full 0):
 PSYoungGen      total 69632K, used 67029K [0x00000000eab00000, 0x00000000ef500000, 0x0000000100000000)
  eden space 63488K, 100% used [0x00000000eab00000,0x00000000ee900000,0x00000000ee900000)
  from space 6144K, 57% used [0x00000000eef00000,0x00000000ef275420,0x00000000ef500000)
  to   space 6144K, 0% used [0x00000000ee900000,0x00000000ee900000,0x00000000eef00000)
 ParOldGen       total 42496K, used 11447K [0x00000000c0000000, 0x00000000c2980000, 0x00000000eab00000)
  object space 42496K, 26% used [0x00000000c0000000,0x00000000c0b2de20,0x00000000c2980000)
 Metaspace       used 17287K, capacity 17362K, committed 17664K, reserved 1062912K
  class space    used 3453K, capacity 3481K, committed 3584K, reserved 1048576K
Event: 6.930 GC heap after
Heap after GC invocations=7 (full 0):
 PSYoungGen      total 69632K, used 2916K [0x00000000eab00000, 0x00000000f3400000, 0x0000000100000000)
  eden space 63488K, 0% used [0x00000000eab00000,0x00000000eab00000,0x00000000ee900000)
  from space 6144K, 47% used [0x00000000ee900000,0x00000000eebd92f8,0x00000000eef00000)
  to   space 6656K, 0% used [0x00000000f2d80000,0x00000000f2d80000,0x00000000f3400000)
 ParOldGen       total 42496K, used 13024K [0x00000000c0000000, 0x00000000c2980000, 0x00000000eab00000)
  object space 42496K, 30% used [0x00000000c0000000,0x00000000c0cb8148,0x00000000c2980000)
 Metaspace       used 17287K, capacity 17362K, committed 17664K, reserved 1062912K
  class space    used 3453K, capacity 3481K, committed 3584K, reserved 1048576K
}
Event: 7.035 GC heap before
{Heap before GC invocations=8 (full 0):
 PSYoungGen      total 69632K, used 66404K [0x00000000eab00000, 0x00000000f3400000, 0x0000000100000000)
  eden space 63488K, 100% used [0x00000000eab00000,0x00000000ee900000,0x00000000ee900000)
  from space 6144K, 47% used [0x00000000ee900000,0x00000000eebd92f8,0x00000000eef00000)
  to   space 6656K, 0% used [0x00000000f2d80000,0x00000000f2d80000,0x00000000f3400000)
 ParOldGen       total 42496K, used 13024K [0x00000000c0000000, 0x00000000c2980000, 0x00000000eab00000)
  object space 42496K, 30% used [0x00000000c0000000,0x00000000c0cb8148,0x00000000c2980000)
 Metaspace       used 17330K, capacity 17426K, committed 17664K, reserved 1062912K
  class space    used 3464K, capacity 3481K, committed 3584K, reserved 1048576K
Event: 7.100 GC heap after
Heap after GC invocations=8 (full 0):
 PSYoungGen      total 133632K, used 3348K [0x00000000eab00000, 0x00000000f3400000, 0x0000000100000000)
  eden space 126976K, 0% used [0x00000000eab00000,0x00000000eab00000,0x00000000f2700000)
  from space 6656K, 50% used [0x00000000f2d80000,0x00000000f30c5010,0x00000000f3400000)
  to   space 6656K, 0% used [0x00000000f2700000,0x00000000f2700000,0x00000000f2d80000)
 ParOldGen       total 42496K, used 13407K [0x00000000c0000000, 0x00000000c2980000, 0x00000000eab00000)
  object space 42496K, 31% used [0x00000000c0000000,0x00000000c0d17c48,0x00000000c2980000)
 Metaspace       used 17330K, capacity 17426K, committed 17664K, reserved 1062912K
  class space    used 3464K, capacity 3481K, committed 3584K, reserved 1048576K
}
Event: 7.347 GC heap before
{Heap before GC invocations=9 (full 0):
 PSYoungGen      total 133632K, used 130324K [0x00000000eab00000, 0x00000000f3400000, 0x0000000100000000)
  eden space 126976K, 100% used [0x00000000eab00000,0x00000000f2700000,0x00000000f2700000)
  from space 6656K, 50% used [0x00000000f2d80000,0x00000000f30c5010,0x00000000f3400000)
  to   space 6656K, 0% used [0x00000000f2700000,0x00000000f2700000,0x00000000f2d80000)
 ParOldGen       total 42496K, used 13407K [0x00000000c0000000, 0x00000000c2980000, 0x00000000eab00000)
  object space 42496K, 31% used [0x00000000c0000000,0x00000000c0d17c48,0x00000000c2980000)
 Metaspace       used 17635K, capacity 17714K, committed 17920K, reserved 1062912K
  class space    used 3543K, capacity 3577K, committed 3584K, reserved 1048576K

