# JRE version: Java(TM) SE Runtime Environment (8.0_161-b12) (build 1.8.0_161-b12)
# Java VM: Java HotSpot(TM) 64-Bit Server VM (25.161-b12 mixed mode linux-amd64 compressed oops)
Heap:
 PSYoungGen      total 132608K, used 4320K [0x00000000eab00000, 0x00000000f3300000, 0x0000000100000000)
  eden space 125952K, 0% used [0x00000000eab00000,0x00000000eab00000,0x00000000f2600000)
  from space 6656K, 64% used [0x00000000f2600000,0x00000000f2a38000,0x00000000f2c80000)
  to   space 6656K, 0% used [0x00000000f2c80000,0x00000000f2c80000,0x00000000f3300000)
 ParOldGen       total 42496K, used 14734K [0x00000000c0000000, 0x00000000c2980000, 0x00000000eab00000)
  object space 42496K, 34% used [0x00000000c0000000,0x00000000c0e63b18,0x00000000c2980000)
 Metaspace       used 17791K, capacity 17906K, committed 18304K, reserved 1064960K
  class space    used 3606K, capacity 3641K, committed 3712K, reserved 1048576K
GC Heap History (10 events):
Event: 12.314 GC heap after
Heap after GC invocations=4 (full 0):
 PSYoungGen      total 34304K, used 2528K [0x00000000eab00000, 0x00000000ecf00000, 0x0000000100000000)
  eden space 31744K, 0% used [0x00000000eab00000,0x00000000eab00000,0x00000000eca00000)
  from space 2560K, 98% used [0x00000000ecc80000,0x00000000ecef8040,0x00000000ecf00000)
  to   space 2560K, 0% used [0x00000000eca00000,0x00000000eca00000,0x00000000ecc80000)
 ParOldGen       total 42496K, used 7560K [0x00000000c0000000, 0x00000000c2980000, 0x00000000eab00000)
  object space 42496K, 17% used [0x00000000c0000000,0x00000000c07621e0,0x00000000c2980000)
 Metaspace       used 13202K, capacity 13292K, committed 13440K, reserved 1060864K
  class space    used 2606K, capacity 2640K, committed 2688K, reserved 1048576K
}
Event: 13.168 GC heap before
{Heap before GC invocations=5 (full 0):
 PSYoungGen      total 34304K, used 34272K [0x00000000eab00000, 0x00000000ecf00000, 0x0000000100000000)
  eden space 31744K, 100% used [0x00000000eab00000,0x00000000eca00000,0x00000000eca00000)
  from space 2560K, 98% used [0x00000000ecc80000,0x00000000ecef8040,0x00000000ecf00000)
  to   space 2560K, 0% used [0x00000000eca00000,0x00000000eca00000,0x00000000ecc80000)
 ParOldGen       total 42496K, used 7560K [0x00000000c0000000, 0x00000000c2980000, 0x00000000eab00000)
  object space 42496K, 17% used [0x00000000c0000000,0x00000000c07621e0,0x00000000c2980000)
 Metaspace       used 16798K, capacity 16902K, committed 17024K, reserved 1062912K
  class space    used 3384K, capacity 3415K, committed 3456K, reserved 1048576K
Event: 13.205 GC heap after
Heap after GC invocations=5 (full 0):
 PSYoungGen      total 34304K, used 2528K [0x00000000eab00000, 0x00000000ef500000, 0x0000000100000000)
  eden space 31744K, 0% used [0x00000000eab00000,0x00000000eab00000,0x00000000eca00000)
  from space 2560K, 98% used [0x00000000eca00000,0x00000000ecc78020,0x00000000ecc80000)
  to   space 6144K, 0% used [0x00000000eef00000,0x00000000eef00000,0x00000000ef500000)
 ParOldGen       total 42496K, used 11475K [0x00000000c0000000, 0x00000000c2980000, 0x00000000eab00000)
  object space 42496K, 27% used [0x00000000c0000000,0x00000000c0b34e38,0x00000000c2980000)
 Metaspace       used 16798K, capacity 16902K, committed 17024K, reserved 1062912K
  class space    used 3384K, capacity 3415K, committed 3456K, reserved 1048576K
}
Event: 13.363 GC heap before
{Heap before GC invocations=6 (full 0):
 PSYoungGen      total 34304K, used 34272K [0x00000000eab00000, 0x00000000ef500000, 0x0000000100000000)
  eden space 31744K, 100% used [0x00000000eab00000,0x00000000eca00000,0x00000000eca00000)
  from space 2560K, 98% used [0x00000000eca00000,0x00000000ecc78020,0x00000000ecc80000)
  to   space 6144K, 0% used [0x00000000eef00000,0x00000000eef00000,0x00000000ef500000)
 ParOldGen       total 42496K, used 11475K [0x00000000c0000000, 0x00000000c2980000, 0x00000000eab00000)
  object space 42496K, 27% used [0x00000000c0000000,0x00000000c0b34e38,0x00000000c2980000)
 Metaspace       used 17067K, capacity 17138K, committed 17280K, reserved 1062912K
  class space    used 3434K, capacity 3449K, committed 3456K, reserved 1048576K
Event: 13.400 GC heap after
Heap after GC invocations=6 (full 0):
 PSYoungGen      total 69120K, used 3476K [0x00000000eab00000, 0x00000000ef600000, 0x0000000100000000)
  eden space 62976K, 0% used [0x00000000eab00000,0x00000000eab00000,0x00000000ee880000)
  from space 6144K, 56% used [0x00000000eef00000,0x00000000ef265050,0x00000000ef500000)
  to   space 6656K, 0% used [0x00000000ee880000,0x00000000ee880000,0x00000000eef00000)
 ParOldGen       total 42496K, used 11483K [0x00000000c0000000, 0x00000000c2980000, 0x00000000eab00000)
  object space 42496K, 27% used [0x00000000c0000000,0x00000000c0b36e38,0x00000000c2980000)
 Metaspace       used 17067K, capacity 17138K, committed 17280K, reserved 1062912K
  class space    used 3434K, capacity 3449K, committed 3456K, reserved 1048576K
}
Event: 13.703 GC heap before
{Heap before GC invocations=7 (full 0):
 PSYoungGen      total 69120K, used 66452K [0x00000000eab00000, 0x00000000ef600000, 0x0000000100000000)
  eden space 62976K, 100% used [0x00000000eab00000,0x00000000ee880000,0x00000000ee880000)
  from space 6144K, 56% used [0x00000000eef00000,0x00000000ef265050,0x00000000ef500000)
  to   space 6656K, 0% used [0x00000000ee880000,0x00000000ee880000,0x00000000eef00000)
 ParOldGen       total 42496K, used 11483K [0x00000000c0000000, 0x00000000c2980000, 0x00000000eab00000)
  object space 42496K, 27% used [0x00000000c0000000,0x00000000c0b36e38,0x00000000c2980000)
 Metaspace       used 17261K, capacity 17362K, committed 17664K, reserved 1062912K
  class space    used 3451K, capacity 3481K, committed 3584K, reserved 1048576K
Event: 13.716 GC heap after
Heap after GC invocations=7 (full 0):
 PSYoungGen      total 69632K, used 2964K [0x00000000eab00000, 0x00000000f3300000, 0x0000000100000000)
  eden space 62976K, 0% used [0x00000000eab00000,0x00000000eab00000,0x00000000ee880000)
  from space 6656K, 44% used [0x00000000ee880000,0x00000000eeb65208,0x00000000eef00000)
  to   space 6656K, 0% used [0x00000000f2c80000,0x00000000f2c80000,0x00000000f3300000)
 ParOldGen       total 42496K, used 12979K [0x00000000c0000000, 0x00000000c2980000, 0x00000000eab00000)
  object space 42496K, 30% used [0x00000000c0000000,0x00000000c0cacd20,0x00000000c2980000)
 Metaspace       used 17261K, capacity 17362K, committed 17664K, reserved 1062912K
  class space    used 3451K, capacity 3481K, committed 3584K, reserved 1048576K
}
Event: 13.811 GC heap before
{Heap before GC invocations=8 (full 0):
 PSYoungGen      total 69632K, used 65940K [0x00000000eab00000, 0x00000000f3300000, 0x0000000100000000)
  eden space 62976K, 100% used [0x00000000eab00000,0x00000000ee880000,0x00000000ee880000)
  from space 6656K, 44% used [0x00000000ee880000,0x00000000eeb65208,0x00000000eef00000)
  to   space 6656K, 0% used [0x00000000f2c80000,0x00000000f2c80000,0x00000000f3300000)
 ParOldGen       total 42496K, used 12979K [0x00000000c0000000, 0x00000000c2980000, 0x00000000eab00000)
  object space 42496K, 30% used [0x00000000c0000000,0x00000000c0cacd20,0x00000000c2980000)
 Metaspace       used 17388K, capacity 17522K, committed 17920K, reserved 1062912K
  class space    used 3485K, capacity 3513K, committed 3584K, reserved 1048576K
Event: 13.835 GC heap after
Heap after GC invocations=8 (full 0):
 PSYoungGen      total 132608K, used 3476K [0x00000000eab00000, 0x00000000f3300000, 0x0000000100000000)
  eden space 125952K, 0% used [0x00000000eab00000,0x00000000eab00000,0x00000000f2600000)
  from space 6656K, 52% used [0x00000000f2c80000,0x00000000f2fe5010,0x00000000f3300000)
  to   space 6656K, 0% used [0x00000000f2600000,0x00000000f2600000,0x00000000f2c80000)
 ParOldGen       total 42496K, used 13450K [0x00000000c0000000, 0x00000000c2980000, 0x00000000eab00000)
  object space 42496K, 31% used [0x00000000c0000000,0x00000000c0d22820,0x00000000c2980000)
 Metaspace       used 17388K, capacity 17522K, committed 17920K, reserved 1062912K
  class space    used 3485K, capacity 3513K, committed 3584K, reserved 1048576K
}
Event: 14.915 GC heap before
{Heap before GC invocations=9 (full 0):
 PSYoungGen      total 132608K, used 129428K [0x00000000eab00000, 0x00000000f3300000, 0x0000000100000000)
  eden space 125952K, 100% used [0x00000000eab00000,0x00000000f2600000,0x00000000f2600000)
  from space 6656K, 52% used [0x00000000f2c80000,0x00000000f2fe5010,0x00000000f3300000)
  to   space 6656K, 0% used [0x00000000f2600000,0x00000000f2600000,0x00000000f2c80000)
 ParOldGen       total 42496K, used 13450K [0x00000000c0000000, 0x00000000c2980000, 0x00000000eab00000)
  object space 42496K, 31% used [0x00000000c0000000,0x00000000c0d22820,0x00000000c2980000)
 Metaspace       used 17791K, capacity 17906K, committed 18304K, reserved 1064960K
  class space    used 3606K, capacity 3641K, committed 3712K, reserved 1048576K

